[debug] [2021-08-22T14:50:15.222Z] ----------------------------------------------------------------------
[debug] [2021-08-22T14:50:15.225Z] Command:       C:\Program Files\nodejs\node.exe C:\Users\PC\AppData\Roaming\npm\node_modules\firebase-tools\lib\bin\firebase.js init
[debug] [2021-08-22T14:50:15.225Z] CLI Version:   9.16.5
[debug] [2021-08-22T14:50:15.225Z] Platform:      win32
[debug] [2021-08-22T14:50:15.225Z] Node Version:  v14.17.3
[debug] [2021-08-22T14:50:15.226Z] Time:          Sun Aug 22 2021 20:20:15 GMT+0530 (India Standard Time)
[debug] [2021-08-22T14:50:15.226Z] ----------------------------------------------------------------------
[debug] 
[debug] [2021-08-22T14:50:15.233Z] > command requires scopes: ["email","openid","https://www.googleapis.com/auth/cloudplatformprojects.readonly","https://www.googleapis.com/auth/firebase","https://www.googleapis.com/auth/cloud-platform"]
[debug] [2021-08-22T14:50:15.233Z] > authorizing via signed-in user (harshgmx47@gmail.com)
[info] 
     ######## #### ########  ######## ########     ###     ######  ########
     ##        ##  ##     ## ##       ##     ##  ##   ##  ##       ##
     ######    ##  ########  ######   ########  #########  ######  ######
     ##        ##  ##    ##  ##       ##     ## ##     ##       ## ##
     ##       #### ##     ## ######## ########  ##     ##  ######  ########

You're about to initialize a Firebase project in this directory:

  F:\crmerp

[info] 
=== Project Setup
[info] 
[info] First, let's associate this project directory with a Firebase project.
[info] You can create multiple project aliases by running firebase use --add, 
[info] but for now we'll just set up a default project.
[info] 
[debug] [2021-08-22T14:50:45.212Z] >>> [apiv2][query] GET https://firebase.googleapis.com/v1beta1/projects pageSize=100
[debug] [2021-08-22T14:50:46.060Z] <<< [apiv2][status] GET https://firebase.googleapis.com/v1beta1/projects 200
[debug] [2021-08-22T14:50:46.060Z] <<< [apiv2][body] GET https://firebase.googleapis.com/v1beta1/projects [omitted]
[info] i  Using project crmerp-d5b95 (crmerp) 
[info] 
=== Hosting Setup
[info] 
[info] Your public directory is the folder (relative to your project directory) that
[info] will contain Hosting assets to be uploaded with firebase deploy. If you
[info] have a build process for your assets, use your build's output directory.
[info] 
